app/build/outputs/logs/manifest-merger-debug-report.txt
-- Merging decision tree log ---
manifest
ADDED from src\main\AndroidManifest.xml:2:1-23:12
	package
		ADDED from src\main\AndroidManifest.xml:3:7-47
		INJECTED from src\main\AndroidManifest.xml
		INJECTED from src\main\AndroidManifest.xml
	android:versionName
		ADDED from src\main\AndroidManifest.xml:5:7-34
		INJECTED from src\main\AndroidManifest.xml
		INJECTED from src\main\AndroidManifest.xml
	android:versionCode
		ADDED from src\main\AndroidManifest.xml:4:7-30
		INJECTED from src\main\AndroidManifest.xml
		INJECTED from src\main\AndroidManifest.xml
	xmlns:android
		ADDED from src\main\AndroidManifest.xml:2:11-69
application
ADDED from src\main\AndroidManifest.xml:6:5-20:19
	android:label
		ADDED from src\main\AndroidManifest.xml:6:50-82
	android:icon
		ADDED from src\main\AndroidManifest.xml:6:18-49
activity#com.shahriar_rahi.guessinggame.StartScreen
ADDED from src\main\AndroidManifest.xml:7:6-13:20
	android:label
		ADDED from src\main\AndroidManifest.xml:8:19-51
	android:name
		ADDED from src\main\AndroidManifest.xml:7:16-73
intent-filter#android.intent.action.MAIN+android.intent.category.LAUNCHER
ADDED from src\main\AndroidManifest.xml:9:13-12:29
action#android.intent.action.MAIN
ADDED from src\main\AndroidManifest.xml:10:17-69
	android:name
		ADDED from src\main\AndroidManifest.xml:10:25-66
category#android.intent.category.LAUNCHER
ADDED from src\main\AndroidManifest.xml:11:17-77
	android:name
		ADDED from src\main\AndroidManifest.xml:11:27-74
activity#com.shahriar_rahi.guessinggame.GuessingGame
ADDED from src\main\AndroidManifest.xml:15:9-89
	android:name
		ADDED from src\main\AndroidManifest.xml:15:19-77
activity#com.shahriar_rahi.guessinggame.Preferences
ADDED from src\main\AndroidManifest.xml:16:9-88
	android:name
		ADDED from src\main\AndroidManifest.xml:16:19-76
activity#com.shahriar_rahi.guessinggame.DeveloperInfo
ADDED from src\main\AndroidManifest.xml:17:9-90
	android:name
		ADDED from src\main\AndroidManifest.xml:17:19-78
activity#com.shahriar_rahi.guessinggame.HelpDialog
ADDED from src\main\AndroidManifest.xml:18:9-160
	android:label
		ADDED from src\main\AndroidManifest.xml:18:120-148
	android:theme
		ADDED from src\main\AndroidManifest.xml:18:76-119
	android:name
		ADDED from src\main\AndroidManifest.xml:18:19-75
uses-sdk
ADDED from src\main\AndroidManifest.xml:21:5-43
	android:targetSdkVersion
		INJECTED from src\main\AndroidManifest.xml
		INJECTED from src\main\AndroidManifest.xml
	android:minSdkVersion
		ADDED from src\main\AndroidManifest.xml:21:15-40
		INJECTED from src\main\AndroidManifest.xml
		INJECTED from src\main\AndroidManifest.xml